<?xml version="1.0" encoding="UTF-8"?>
<testsuite name="HammingTest" tests="15" skipped="14" failures="0" errors="0" timestamp="2019-01-30T20:21:59" hostname="Dylans-MacBook-Pro.local" time="0.006">
  <properties/>
  <testcase name="testNonUniqueCharacterInFirstStrand" classname="HammingTest" time="0.0">
    <skipped/>
  </testcase>
  <testcase name="testSameNucleotidesInDifferentPositions" classname="HammingTest" time="0.0">
    <skipped/>
  </testcase>
  <testcase name="testCompleteDistanceInSingleNucleotideStrand" classname="HammingTest" time="0.0">
    <skipped/>
  </testcase>
  <testcase name="testNoDistanceBetweenEmptyStrands" classname="HammingTest" time="0.001"/>
  <testcase name="testNoDistanceBetweenShortIdenticalStrands" classname="HammingTest" time="0.0">
    <skipped/>
  </testcase>
  <testcase name="testSmallDistanceInSmallStrand" classname="HammingTest" time="0.0">
    <skipped/>
  </testcase>
  <testcase name="testNoDistanceBetweenLongIdenticalStrands" classname="HammingTest" time="0.0">
    <skipped/>
  </testcase>
  <testcase name="testNonUniqueCharacterInSecondStrand" classname="HammingTest" time="0.0">
    <skipped/>
  </testcase>
  <testcase name="testSmallDistanceInMediumStrand" classname="HammingTest" time="0.0">
    <skipped/>
  </testcase>
  <testcase name="testLargeDistanceInOffByOneStrand" classname="HammingTest" time="0.0">
    <skipped/>
  </testcase>
  <testcase name="testLargeDistanceInPermutedStrand" classname="HammingTest" time="0.0">
    <skipped/>
  </testcase>
  <testcase name="testValidatesFirstStrandNotLonger" classname="HammingTest" time="0.0">
    <skipped/>
  </testcase>
  <testcase name="testSmallDistanceInLongStrand" classname="HammingTest" time="0.0">
    <skipped/>
  </testcase>
  <testcase name="testValidatesSecondStrandNotLonger" classname="HammingTest" time="0.0">
    <skipped/>
  </testcase>
  <testcase name="testCompleteDistanceInSmallStrand" classname="HammingTest" time="0.0">
    <skipped/>
  </testcase>
  <system-out><![CDATA[]]></system-out>
  <system-err><![CDATA[]]></system-err>
</testsuite>
